#
# There is insufficient memory for the Java Runtime Environment to continue.
# Native memory allocation (mmap) failed to map 132120576 bytes for G1 virtual space
# Possible reasons:
#   The system is out of physical RAM or swap space
#   The process is running with CompressedOops enabled, and the Java Heap may be blocking the growth of the native heap
# Possible solutions:
#   Reduce memory load on the system
#   Increase physical memory or swap space
#   Check if swap backing store is full
#   Decrease Java heap size (-Xmx/-Xms)
#   Decrease number of Java threads
#   Decrease Java thread stack sizes (-Xss)
#   Set larger code cache with -XX:ReservedCodeCacheSize=
#   JVM is running with Unscaled Compressed Oops mode in which the Java heap is
#     placed in the first 4GB address space. The Java Heap base address is the
#     maximum limit for the native heap growth. Please use -XX:HeapBaseMinAddress
#     to set the Java Heap base and to place the Java Heap above 4GB virtual address.
# This output file may be truncated or incomplete.
#
#  Out of Memory Error (os_windows.cpp:3557), pid=28424, tid=29744
#
# JRE version:  (17.0.6+10) (build )
# Java VM: OpenJDK 64-Bit Server VM (17.0.6+10, mixed mode, sharing, tiered, compressed oops, compressed class ptrs, g1 gc, windows-amd64)
# No core dump will be written. Minidumps are not enabled by default on client versions of Windows
#

---------------  S U M M A R Y ------------

Command Line: -Dfile.encoding=UTF-8 --module-path=C:\Users\deizi\Documents\workspace-spring-tool-suite-4-4.18.0.RELEASE\devspizza\bin -XX:+ShowCodeDetailsInExceptionMessages -Djdk.module.main=devspizza devspizza/devspizza.MenuBebidadas

Host: Intel(R) Core(TM) i3-1005G1 CPU @ 1.20GHz, 4 cores, 7G,  Windows 11 , 64 bit Build 22621 (10.0.22621.1344)
Time: Tue Mar 28 22:05:24 2023 Hora oficial do Brasil elapsed time: 0.079154 seconds (0d 0h 0m 0s)

---------------  T H R E A D  ---------------

Current thread (0x0000020334c43e90):  JavaThread "Unknown thread" [_thread_in_vm, id=29744, stack(0x0000002213a00000,0x0000002213b00000)]

Stack: [0x0000002213a00000,0x0000002213b00000]
Native frames: (J=compiled Java code, j=interpreted, Vv=VM code, C=native code)
V  [jvm.dll+0x67741a]
V  [jvm.dll+0x834434]
V  [jvm.dll+0x835bde]
V  [jvm.dll+0x836243]
V  [jvm.dll+0x2457b5]
V  [jvm.dll+0x674329]
V  [jvm.dll+0x6689da]
V  [jvm.dll+0x30489b]
V  [jvm.dll+0x30bd96]
V  [jvm.dll+0x35b57e]
V  [jvm.dll+0x35b7af]
V  [jvm.dll+0x2db778]
V  [jvm.dll+0x2dc6e4]
V  [jvm.dll+0x806131]
V  [jvm.dll+0x369331]
V  [jvm.dll+0x7e56ac]
V  [jvm.dll+0x3eb35f]
V  [jvm.dll+0x3ecea1]
C  [jli.dll+0x5267]
C  [ucrtbase.dll+0x29363]
C  [KERNEL32.DLL+0x126bd]
C  [ntdll.dll+0x5a9f8]


---------------  P R O C E S S  ---------------

Threads class SMR info:
_java_thread_list=0x00007ffa3a625fd8, length=0, elements={
}

Java Threads: ( => current thread )

Other Threads:
  0x0000020334c9bbe0 GCTaskThread "GC Thread#0" [stack: 0x0000002213b00000,0x0000002213c00000] [id=24720]
  0x0000020334cac4a0 ConcurrentGCThread "G1 Main Marker" [stack: 0x0000002213c00000,0x0000002213d00000] [id=25760]
  0x0000020334caceb0 ConcurrentGCThread "G1 Conc#0" [stack: 0x0000002213d00000,0x0000002213e00000] [id=29416]

[error occurred during error reporting (printing all threads), id 0xc0000005, EXCEPTION_ACCESS_VIOLATION (0xc0000005) at pc=0x00007ffa39dfc1e7]

VM state: not at safepoint (not fully initialized)

VM Mutex/Monitor currently owned by a thread:  ([mutex/lock_event])
[0x0000020334c400b0] Heap_lock - owner thread: 0x0000020334c43e90

Heap address: 0x0000000083400000, size: 1996 MB, Compressed Oops mode: 32-bit

CDS archive(s) mapped at: [0x0000000000000000-0x0000000000000000-0x0000000000000000), size 0, SharedBaseAddress: 0x0000000800000000, ArchiveRelocationMode: 0.
Narrow klass base: 0x0000000000000000, Narrow klass shift: 0, Narrow klass range: 0x0

GC Precious Log:
<Empty>

Heap:
 garbage-first heap   total 0K, used 0K [0x0000000083400000, 0x0000000100000000)
  region size 1024K, 0 young (0K), 0 survivors (0K)

[error occurred during error reporting (printing heap information), id 0xc0000005, EXCEPTION_ACCESS_VIOLATION (0xc0000005) at pc=0x00007ffa3a1e06f9]

GC Heap History (0 events):
No events

Dll operation events (1 events):
Event: 0.060 Loaded shared library C:\Users\deizi\Downloads\sts-4.18.0.RELEASE\plugins\org.eclipse.justj.openjdk.hotspot.jre.full.win32.x86_64_17.0.6.v20230204-1729\jre\bin\java.dll

Deoptimization events (0 events):
No events

Classes unloaded (0 events):
No events

Classes redefined (0 events):
No events

Internal exceptions (0 events):
No events

VM Operations (0 events):
No events

Events (0 events):
No events


Dynamic libraries:
0x00007ff77ef70000 - 0x00007ff77ef7e000 	C:\Users\deizi\Downloads\sts-4.18.0.RELEASE\plugins\org.eclipse.justj.openjdk.hotspot.jre.full.win32.x86_64_17.0.6.v20230204-1729\jre\bin\javaw.exe
0x00007ffac79f0000 - 0x00007ffac7c04000 	C:\WINDOWS\SYSTEM32\ntdll.dll
0x00007ffac5c00000 - 0x00007ffac5cc3000 	C:\WINDOWS\System32\KERNEL32.DLL
0x00007ffac5160000 - 0x00007ffac54fc000 	C:\WINDOWS\System32\KERNELBASE.dll
0x000000005df70000 - 0x000000005e2a1000 	C:\Program Files\Norton Security\NortonData\22.20.5.40\Definitions\IPSDefs\20230327.061\IPSEng64.dll
0x00007ffac5ec0000 - 0x00007ffac5f6e000 	C:\WINDOWS\System32\ADVAPI32.dll
0x00007ffac5b00000 - 0x00007ffac5ba7000 	C:\WINDOWS\System32\msvcrt.dll
0x00007ffac7900000 - 0x00007ffac79a4000 	C:\WINDOWS\System32\sechost.dll
0x00007ffac68d0000 - 0x00007ffac69e5000 	C:\WINDOWS\System32\RPCRT4.dll
0x00007ffac78c0000 - 0x00007ffac78c8000 	C:\WINDOWS\System32\PSAPI.DLL
0x00007ffac5500000 - 0x00007ffac5611000 	C:\WINDOWS\System32\ucrtbase.dll
0x00007ffaa90a0000 - 0x00007ffaa90b7000 	C:\Users\deizi\Downloads\sts-4.18.0.RELEASE\plugins\org.eclipse.justj.openjdk.hotspot.jre.full.win32.x86_64_17.0.6.v20230204-1729\jre\bin\jli.dll
0x00007ffac5cd0000 - 0x00007ffac5e7d000 	C:\WINDOWS\System32\USER32.dll
0x00007ffac4e30000 - 0x00007ffac4e56000 	C:\WINDOWS\System32\win32u.dll
0x00007ffac78d0000 - 0x00007ffac78f9000 	C:\WINDOWS\System32\GDI32.dll
0x00007ffac5620000 - 0x00007ffac5733000 	C:\WINDOWS\System32\gdi32full.dll
0x00007ffac50c0000 - 0x00007ffac515a000 	C:\WINDOWS\System32\msvcp_win.dll
0x00007ffaa9080000 - 0x00007ffaa9099000 	C:\Users\deizi\Downloads\sts-4.18.0.RELEASE\plugins\org.eclipse.justj.openjdk.hotspot.jre.full.win32.x86_64_17.0.6.v20230204-1729\jre\bin\VCRUNTIME140.dll
0x00007ffaafce0000 - 0x00007ffaaff6e000 	C:\WINDOWS\WinSxS\amd64_microsoft.windows.common-controls_6595b64144ccf1df_6.0.22621.608_none_a9444ca7c10bb01d\COMCTL32.dll
0x00007ffac5e80000 - 0x00007ffac5eb1000 	C:\WINDOWS\System32\IMM32.DLL
0x00007ffabc520000 - 0x00007ffabc52c000 	C:\Users\deizi\Downloads\sts-4.18.0.RELEASE\plugins\org.eclipse.justj.openjdk.hotspot.jre.full.win32.x86_64_17.0.6.v20230204-1729\jre\bin\vcruntime140_1.dll
0x00007ffa97330000 - 0x00007ffa973c1000 	C:\Users\deizi\Downloads\sts-4.18.0.RELEASE\plugins\org.eclipse.justj.openjdk.hotspot.jre.full.win32.x86_64_17.0.6.v20230204-1729\jre\bin\msvcp140.dll
0x00007ffa39b10000 - 0x00007ffa3a757000 	C:\Users\deizi\Downloads\sts-4.18.0.RELEASE\plugins\org.eclipse.justj.openjdk.hotspot.jre.full.win32.x86_64_17.0.6.v20230204-1729\jre\bin\server\jvm.dll
0x00007ffaa7c70000 - 0x00007ffaa7c79000 	C:\WINDOWS\SYSTEM32\WSOCK32.dll
0x00007ffac5960000 - 0x00007ffac59d1000 	C:\WINDOWS\System32\WS2_32.dll
0x00007ffabc440000 - 0x00007ffabc474000 	C:\WINDOWS\SYSTEM32\WINMM.dll
0x00007ffab60b0000 - 0x00007ffab60ba000 	C:\WINDOWS\SYSTEM32\VERSION.dll
0x00007ffac3e80000 - 0x00007ffac3e98000 	C:\WINDOWS\SYSTEM32\kernel.appcore.dll
0x00007ffabff30000 - 0x00007ffabff3a000 	C:\Users\deizi\Downloads\sts-4.18.0.RELEASE\plugins\org.eclipse.justj.openjdk.hotspot.jre.full.win32.x86_64_17.0.6.v20230204-1729\jre\bin\jimage.dll
0x00007ffac29e0000 - 0x00007ffac2c0e000 	C:\WINDOWS\SYSTEM32\DBGHELP.DLL
0x00007ffac6540000 - 0x00007ffac68c9000 	C:\WINDOWS\System32\combase.dll
0x00007ffac77e0000 - 0x00007ffac78b7000 	C:\WINDOWS\System32\OLEAUT32.dll
0x00007ffaaa3f0000 - 0x00007ffaaa422000 	C:\WINDOWS\SYSTEM32\dbgcore.DLL
0x00007ffac4ed0000 - 0x00007ffac4f4b000 	C:\WINDOWS\System32\bcryptPrimitives.dll
0x00007ffabe350000 - 0x00007ffabe375000 	C:\Users\deizi\Downloads\sts-4.18.0.RELEASE\plugins\org.eclipse.justj.openjdk.hotspot.jre.full.win32.x86_64_17.0.6.v20230204-1729\jre\bin\java.dll

dbghelp: loaded successfully - version: 4.0.5 - missing functions: none
symbol engine: initialized successfully - sym options: 0x614 - pdb path: .;C:\Users\deizi\Downloads\sts-4.18.0.RELEASE\plugins\org.eclipse.justj.openjdk.hotspot.jre.full.win32.x86_64_17.0.6.v20230204-1729\jre\bin;C:\WINDOWS\SYSTEM32;C:\Program Files\Norton Security\NortonData\22.20.5.40\Definitions\IPSDefs\20230327.061;C:\WINDOWS\WinSxS\amd64_microsoft.windows.common-controls_6595b64144ccf1df_6.0.22621.608_none_a9444ca7c10bb01d;C:\Users\deizi\Downloads\sts-4.18.0.RELEASE\plugins\org.eclipse.justj.openjdk.hotspot.jre.full.win32.x86_64_17.0.6.v20230204-1729\jre\bin\server

VM Arguments:
jvm_args: -Dfile.encoding=UTF-8 --module-path=C:\Users\deizi\Documents\workspace-spring-tool-suite-4-4.18.0.RELEASE\devspizza\bin -XX:+ShowCodeDetailsInExceptionMessages -Djdk.module.main=devspizza 
java_command: devspizza/devspizza.MenuBebidadas
java_class_path (initial): <not set>
Launcher Type: SUN_STANDARD

[Global flags]
     intx CICompilerCount                          = 3                                         {product} {ergonomic}
     uint ConcGCThreads                            = 1                                         {product} {ergonomic}
     uint G1ConcRefinementThreads                  = 4                                         {product} {ergonomic}
   size_t G1HeapRegionSize                         = 1048576                                   {product} {ergonomic}
    uintx GCDrainStackTargetSize                   = 64                                        {product} {ergonomic}
   size_t InitialHeapSize                          = 132120576                                 {product} {ergonomic}
   size_t MarkStackSize                            = 4194304                                   {product} {ergonomic}
   size_t MaxHeapSize                              = 2092957696                                {product} {ergonomic}
   size_t MinHeapDeltaBytes                        = 1048576                                   {product} {ergonomic}
   size_t MinHeapSize                              = 8388608                                   {product} {ergonomic}
    uintx NonNMethodCodeHeapSize                   = 5832780                                {pd product} {ergonomic}
    uintx NonProfiledCodeHeapSize                  = 122912730                              {pd product} {ergonomic}
    uintx ProfiledCodeHeapSize                     = 122912730                              {pd product} {ergonomic}
    uintx ReservedCodeCacheSize                    = 251658240                              {pd product} {ergonomic}
     bool SegmentedCodeCache                       = true                                      {product} {ergonomic}
     bool ShowCodeDetailsInExceptionMessages       = true                                   {manageable} {command line}
   size_t SoftMaxHeapSize                          = 2092957696                             {manageable} {ergonomic}
     bool UseCompressedClassPointers               = true                           {product lp64_product} {ergonomic}
     bool UseCompressedOops                        = true                           {product lp64_product} {ergonomic}
     bool UseG1GC                                  = true                                      {product} {ergonomic}
     bool UseLargePagesIndividualAllocation        = false                                  {pd product} {ergonomic}

Logging:
Log output configuration:
 #0: stdout all=warning uptime,level,tags
 #1: stderr all=off uptime,level,tags

Environment Variables:
JAVA_HOME=C:\Program Files\Java\jdk-17
PATH=C:/Users/deizi/Downloads/sts-4.18.0.RELEASE//plugins/org.eclipse.justj.openjdk.hotspot.jre.full.win32.x86_64_17.0.6.v20230204-1729/jre/bin/server;C:/Users/deizi/Downloads/sts-4.18.0.RELEASE//plugins/org.eclipse.justj.openjdk.hotspot.jre.full.win32.x86_64_17.0.6.v20230204-1729/jre/bin;C:\app\deizi\product\21c\dbhomeXE\bin;C:\Program Files\Common Files\Oracle\Java\javapath;C:\WINDOWS\system32;C:\WINDOWS;C:\WINDOWS\System32\Wbem;C:\WINDOWS\System32\WindowsPowerShell\v1.0\;C:\WINDOWS\System32\OpenSSH\;C:\ProgramData\UNIVALI\Portugol Studio;C:\Program Files\Java\jdk-17\bin;C:\Program Files\nodejs\;C:\Program Files\Git\cmd;C:\Users\deizi\AppData\Local\Microsoft\WindowsApps;;C:\Users\deizi\AppData\Local\Programs\Microsoft VS Code\bin;C:\Users\deizi\AppData\Roaming\npm;C:\Users\deizi\Downloads\sts-4.18.0.RELEASE;
USERNAME=deizi
OS=Windows_NT
PROCESSOR_IDENTIFIER=Intel64 Family 6 Model 126 Stepping 5, GenuineIntel
TMP=C:\Users\deizi\AppData\Local\Temp
TEMP=C:\Users\deizi\AppData\Local\Temp



---------------  S Y S T E M  ---------------

OS:
 Windows 11 , 64 bit Build 22621 (10.0.22621.1344)
OS uptime: 1 days 8:16 hours

CPU: total 4 (initial active 4) (2 cores per cpu, 2 threads per core) family 6 model 126 stepping 5 microcode 0x86, cx8, cmov, fxsr, ht, mmx, 3dnowpref, sse, sse2, sse3, ssse3, sse4.1, sse4.2, popcnt, lzcnt, tsc, tscinvbit, avx, avx2, aes, erms, clmul, bmi1, bmi2, adx, avx512f, avx512dq, avx512cd, avx512bw, avx512vl, sha, fma, vzeroupper, avx512_vpopcntdq, avx512_vpclmulqdq, avx512_vaes, avx512_vnni, clflush, clflushopt, avx512_vbmi2, avx512_vbmi

Memory: 4k page, system-wide physical 7981M (686M free)
TotalPageFile size 32557M (AvailPageFile size 121M)
current process WorkingSet (physical memory assigned to process): 12M, peak: 12M
current process commit charge ("private bytes"): 52M, peak: 178M

vm_info: OpenJDK 64-Bit Server VM (17.0.6+10) for windows-amd64 JRE (17.0.6+10), built on Jan 18 2023 10:08:59 by "temurin" with MS VC++ 16.7 (VS2019)

END.
